<?xml version="1.0" encoding="UTF-8"?>
<!-- Generated by org.testng.reporters.JUnitXMLReporter -->
<testsuite ignored="0" hostname="LAPTOP-T7QQ74EJ" failures="0" tests="3" name="Test_Chrome" time="22.994" errors="0" timestamp="2025-07-30T11:26:24 IST">
  <testcase classname="TestNG.Navigatetoflip" name="Facebook" time="7.21"/>
  <testcase classname="TestNG.NAvigatetoFacebook" name="Facebook" time="6.25"/>
  <testcase classname="TestNG.NavigatetoSwiggy" name="Facebook" time="9.498"/>
</testsuite> <!-- Test_Chrome -->
