<?xml version="1.0" encoding="UTF-8"?>
<!-- Generated by org.testng.reporters.JUnitXMLReporter -->
<testsuite ignored="0" hostname="LAPTOP-T7QQ74EJ" failures="0" tests="3" name="Test_edge" time="22.811" errors="0" timestamp="2025-07-30T11:26:24 IST">
  <testcase classname="TestNG.Navigatetoflip" name="Facebook" time="6.612"/>
  <testcase classname="TestNG.NAvigatetoFacebook" name="Facebook" time="6.899"/>
  <testcase classname="TestNG.NavigatetoSwiggy" name="Facebook" time="9.269"/>
</testsuite> <!-- Test_edge -->
