<?xml version="1.0" encoding="UTF-8"?>
<testng-results ignored="0" total="1" passed="1" failed="0" skipped="0">
  <reporter-output>
    <line>
      <![CDATA[BS-Connect with the database]]>
    </line>
    <line>
      <![CDATA[BT-Configure the parallel execution]]>
    </line>
    <line>
      <![CDATA[BC-Launch the browser]]>
    </line>
    <line>
      <![CDATA[BM-Login]]>
    </line>
    <line>
      <![CDATA[Create a product]]>
    </line>
    <line>
      <![CDATA[AM-Logout]]>
    </line>
    <line>
      <![CDATA[AC-Quit the browser]]>
    </line>
    <line>
      <![CDATA[AT-Close the parallel execution]]>
    </line>
    <line>
      <![CDATA[AS-DisConnect with the database]]>
    </line>
  </reporter-output>
  <suite started-at="2025-08-01T09:26:34 IST" name="Default suite" finished-at="2025-08-01T09:26:34 IST" duration-ms="49">
    <groups>
    </groups>
    <test started-at="2025-08-01T09:26:34 IST" name="Default test" finished-at="2025-08-01T09:26:34 IST" duration-ms="49">
      <class name="Annotations.BaseClass_utilizing">
        <test-method is-config="true" signature="BS()[pri:0, instance:Annotations.BaseClass_utilizing@2d1ef81a]" started-at="2025-08-01T09:26:34 IST" name="BS" finished-at="2025-08-01T09:26:34 IST" duration-ms="10" status="PASS">
          <reporter-output>
            <line>
              <![CDATA[BS-Connect with the database]]>
            </line>
          </reporter-output>
        </test-method> <!-- BS -->
        <test-method is-config="true" signature="BT()[pri:0, instance:Annotations.BaseClass_utilizing@2d1ef81a]" started-at="2025-08-01T09:26:34 IST" name="BT" finished-at="2025-08-01T09:26:34 IST" duration-ms="1" status="PASS">
          <reporter-output>
            <line>
              <![CDATA[BT-Configure the parallel execution]]>
            </line>
          </reporter-output>
        </test-method> <!-- BT -->
        <test-method is-config="true" signature="BC()[pri:0, instance:Annotations.BaseClass_utilizing@2d1ef81a]" started-at="2025-08-01T09:26:34 IST" name="BC" finished-at="2025-08-01T09:26:34 IST" duration-ms="1" status="PASS">
          <reporter-output>
            <line>
              <![CDATA[BC-Launch the browser]]>
            </line>
          </reporter-output>
        </test-method> <!-- BC -->
        <test-method is-config="true" signature="BM()[pri:0, instance:Annotations.BaseClass_utilizing@2d1ef81a]" started-at="2025-08-01T09:26:34 IST" name="BM" finished-at="2025-08-01T09:26:34 IST" duration-ms="0" status="PASS">
          <reporter-output>
            <line>
              <![CDATA[BM-Login]]>
            </line>
          </reporter-output>
        </test-method> <!-- BM -->
        <test-method signature="TestScripts()[pri:0, instance:Annotations.BaseClass_utilizing@2d1ef81a]" started-at="2025-08-01T09:26:34 IST" name="TestScripts" finished-at="2025-08-01T09:26:34 IST" duration-ms="6" status="PASS">
          <reporter-output>
            <line>
              <![CDATA[Create a product]]>
            </line>
          </reporter-output>
        </test-method> <!-- TestScripts -->
        <test-method is-config="true" signature="AM()[pri:0, instance:Annotations.BaseClass_utilizing@2d1ef81a]" started-at="2025-08-01T09:26:34 IST" name="AM" finished-at="2025-08-01T09:26:34 IST" duration-ms="2" status="PASS">
          <reporter-output>
            <line>
              <![CDATA[AM-Logout]]>
            </line>
          </reporter-output>
        </test-method> <!-- AM -->
        <test-method is-config="true" signature="AC()[pri:0, instance:Annotations.BaseClass_utilizing@2d1ef81a]" started-at="2025-08-01T09:26:34 IST" name="AC" finished-at="2025-08-01T09:26:34 IST" duration-ms="1" status="PASS">
          <reporter-output>
            <line>
              <![CDATA[AC-Quit the browser]]>
            </line>
          </reporter-output>
        </test-method> <!-- AC -->
        <test-method is-config="true" signature="AT()[pri:0, instance:Annotations.BaseClass_utilizing@2d1ef81a]" started-at="2025-08-01T09:26:34 IST" name="AT" finished-at="2025-08-01T09:26:34 IST" duration-ms="0" status="PASS">
          <reporter-output>
            <line>
              <![CDATA[AT-Close the parallel execution]]>
            </line>
          </reporter-output>
        </test-method> <!-- AT -->
        <test-method is-config="true" signature="AS()[pri:0, instance:Annotations.BaseClass_utilizing@2d1ef81a]" started-at="2025-08-01T09:26:34 IST" name="AS" finished-at="2025-08-01T09:26:34 IST" duration-ms="1" status="PASS">
          <reporter-output>
            <line>
              <![CDATA[AS-DisConnect with the database]]>
            </line>
          </reporter-output>
        </test-method> <!-- AS -->
      </class> <!-- Annotations.BaseClass_utilizing -->
    </test> <!-- Default test -->
  </suite> <!-- Default suite -->
</testng-results>
